-------------------------------------------------------------------------------
Test set: org.waastad.web.war.service.ServicesResourceIT
-------------------------------------------------------------------------------
Tests run: 1, Failures: 0, Errors: 1, Skipped: 0, Time elapsed: 1.588 sec <<< FAILURE! - in org.waastad.web.war.service.ServicesResourceIT
testGetJson(org.waastad.web.war.service.ServicesResourceIT)  Time elapsed: 1.462 sec  <<< ERROR!
org.apache.openejb.OpenEJBException: Creating application failed: /home/helge/NetBeansProjects/TestAppComposerParent/Web-war/ServicesResourceIT: org.apache.openejb.OpenEJBRuntimeException: javax.persistence.PersistenceException: Exception [EclipseLink-28018] (Eclipse Persistence Services - 2.5.1.v20130918-f2b9fc5): org.eclipse.persistence.exceptions.EntityManagerSetupException
Exception Description: Predeployment of PersistenceUnit [DEFAULT_PU] failed.
Internal Exception: java.lang.RuntimeException: java.io.FileNotFoundException: /home/helge/NetBeansProjects/TestAppComposerParent/Web-war/jar:file:/home/helge/.m2/repository/org/waastad/Ejb-jar/1.0-SNAPSHOT/Ejb-jar-1.0-SNAPSHOT.jar!/META-INF/persistence.xml (Ingen slik fil eller filkatalog): javax.persistence.PersistenceException: Exception [EclipseLink-28018] (Eclipse Persistence Services - 2.5.1.v20130918-f2b9fc5): org.eclipse.persistence.exceptions.EntityManagerSetupException
Exception Description: Predeployment of PersistenceUnit [DEFAULT_PU] failed.
Internal Exception: java.lang.RuntimeException: java.io.FileNotFoundException: /home/helge/NetBeansProjects/TestAppComposerParent/Web-war/jar:file:/home/helge/.m2/repository/org/waastad/Ejb-jar/1.0-SNAPSHOT/Ejb-jar-1.0-SNAPSHOT.jar!/META-INF/persistence.xml (Ingen slik fil eller filkatalog)
	at org.apache.openejb.assembler.classic.Assembler.createApplication(Assembler.java:897)
	at org.apache.openejb.assembler.classic.Assembler.createApplication(Assembler.java:612)
	at org.apache.openejb.assembler.classic.Assembler.createApplication(Assembler.java:608)
	at org.apache.openejb.testing.ApplicationComposers.before(ApplicationComposers.java:639)
	at org.apache.openejb.testing.ApplicationComposers.evaluate(ApplicationComposers.java:722)
	at org.apache.openejb.junit.ApplicationComposer$DeployApplication.evaluate(ApplicationComposer.java:64)
	at org.junit.runners.ParentRunner.runLeaf(ParentRunner.java:271)
	at org.junit.runners.BlockJUnit4ClassRunner.runChild(BlockJUnit4ClassRunner.java:70)
	at org.junit.runners.BlockJUnit4ClassRunner.runChild(BlockJUnit4ClassRunner.java:50)
	at org.junit.runners.ParentRunner$3.run(ParentRunner.java:238)
	at org.junit.runners.ParentRunner$1.schedule(ParentRunner.java:63)
	at org.junit.runners.ParentRunner.runChildren(ParentRunner.java:236)
	at org.junit.runners.ParentRunner.access$000(ParentRunner.java:53)
	at org.junit.runners.ParentRunner$2.evaluate(ParentRunner.java:229)
	at org.junit.internal.runners.statements.RunBefores.evaluate(RunBefores.java:26)
	at org.junit.internal.runners.statements.RunAfters.evaluate(RunAfters.java:27)
	at org.junit.runners.ParentRunner.run(ParentRunner.java:309)
	at org.apache.maven.surefire.junit4.JUnit4Provider.execute(JUnit4Provider.java:264)
	at org.apache.maven.surefire.junit4.JUnit4Provider.executeTestSet(JUnit4Provider.java:153)
	at org.apache.maven.surefire.junit4.JUnit4Provider.invoke(JUnit4Provider.java:124)
	at org.apache.maven.surefire.booter.ForkedBooter.invokeProviderInSameClassLoader(ForkedBooter.java:200)
	at org.apache.maven.surefire.booter.ForkedBooter.runSuitesInProcess(ForkedBooter.java:153)
	at org.apache.maven.surefire.booter.ForkedBooter.main(ForkedBooter.java:103)
Caused by: org.apache.openejb.OpenEJBException: org.apache.openejb.OpenEJBRuntimeException: javax.persistence.PersistenceException: Exception [EclipseLink-28018] (Eclipse Persistence Services - 2.5.1.v20130918-f2b9fc5): org.eclipse.persistence.exceptions.EntityManagerSetupException
Exception Description: Predeployment of PersistenceUnit [DEFAULT_PU] failed.
Internal Exception: java.lang.RuntimeException: java.io.FileNotFoundException: /home/helge/NetBeansProjects/TestAppComposerParent/Web-war/jar:file:/home/helge/.m2/repository/org/waastad/Ejb-jar/1.0-SNAPSHOT/Ejb-jar-1.0-SNAPSHOT.jar!/META-INF/persistence.xml (Ingen slik fil eller filkatalog): javax.persistence.PersistenceException: Exception [EclipseLink-28018] (Eclipse Persistence Services - 2.5.1.v20130918-f2b9fc5): org.eclipse.persistence.exceptions.EntityManagerSetupException
Exception Description: Predeployment of PersistenceUnit [DEFAULT_PU] failed.
Internal Exception: java.lang.RuntimeException: java.io.FileNotFoundException: /home/helge/NetBeansProjects/TestAppComposerParent/Web-war/jar:file:/home/helge/.m2/repository/org/waastad/Ejb-jar/1.0-SNAPSHOT/Ejb-jar-1.0-SNAPSHOT.jar!/META-INF/persistence.xml (Ingen slik fil eller filkatalog)
	at org.apache.openejb.assembler.classic.Assembler.createApplication(Assembler.java:758)
	at org.apache.openejb.assembler.classic.Assembler.createApplication(Assembler.java:612)
	at org.apache.openejb.assembler.classic.Assembler.createApplication(Assembler.java:608)
	at org.apache.openejb.testing.ApplicationComposers.before(ApplicationComposers.java:639)
	at org.apache.openejb.testing.ApplicationComposers.evaluate(ApplicationComposers.java:722)
	at org.apache.openejb.junit.ApplicationComposer$DeployApplication.evaluate(ApplicationComposer.java:64)
	at org.junit.runners.ParentRunner.runLeaf(ParentRunner.java:271)
	at org.junit.runners.BlockJUnit4ClassRunner.runChild(BlockJUnit4ClassRunner.java:70)
	at org.junit.runners.BlockJUnit4ClassRunner.runChild(BlockJUnit4ClassRunner.java:50)
	at org.junit.runners.ParentRunner$3.run(ParentRunner.java:238)
	at org.junit.runners.ParentRunner$1.schedule(ParentRunner.java:63)
	at org.junit.runners.ParentRunner.runChildren(ParentRunner.java:236)
	at org.junit.runners.ParentRunner.access$000(ParentRunner.java:53)
	at org.junit.runners.ParentRunner$2.evaluate(ParentRunner.java:229)
	at org.junit.internal.runners.statements.RunBefores.evaluate(RunBefores.java:26)
	at org.junit.internal.runners.statements.RunAfters.evaluate(RunAfters.java:27)
	at org.junit.runners.ParentRunner.run(ParentRunner.java:309)
	at org.apache.maven.surefire.junit4.JUnit4Provider.execute(JUnit4Provider.java:264)
	at org.apache.maven.surefire.junit4.JUnit4Provider.executeTestSet(JUnit4Provider.java:153)
	at org.apache.maven.surefire.junit4.JUnit4Provider.invoke(JUnit4Provider.java:124)
	at org.apache.maven.surefire.booter.ForkedBooter.invokeProviderInSameClassLoader(ForkedBooter.java:200)
	at org.apache.maven.surefire.booter.ForkedBooter.runSuitesInProcess(ForkedBooter.java:153)
	at org.apache.maven.surefire.booter.ForkedBooter.main(ForkedBooter.java:103)
Caused by: org.apache.openejb.OpenEJBRuntimeException: javax.persistence.PersistenceException: Exception [EclipseLink-28018] (Eclipse Persistence Services - 2.5.1.v20130918-f2b9fc5): org.eclipse.persistence.exceptions.EntityManagerSetupException
Exception Description: Predeployment of PersistenceUnit [DEFAULT_PU] failed.
Internal Exception: java.lang.RuntimeException: java.io.FileNotFoundException: /home/helge/NetBeansProjects/TestAppComposerParent/Web-war/jar:file:/home/helge/.m2/repository/org/waastad/Ejb-jar/1.0-SNAPSHOT/Ejb-jar-1.0-SNAPSHOT.jar!/META-INF/persistence.xml (Ingen slik fil eller filkatalog)
	at org.apache.openejb.assembler.classic.ReloadableEntityManagerFactory.createDelegate(ReloadableEntityManagerFactory.java:117)
	at org.apache.openejb.assembler.classic.ReloadableEntityManagerFactory.<init>(ReloadableEntityManagerFactory.java:101)
	at org.apache.openejb.assembler.classic.PersistenceBuilder.createEntityManagerFactory(PersistenceBuilder.java:150)
	at org.apache.openejb.assembler.classic.Assembler.createApplication(Assembler.java:752)
	at org.apache.openejb.assembler.classic.Assembler.createApplication(Assembler.java:612)
	at org.apache.openejb.assembler.classic.Assembler.createApplication(Assembler.java:608)
	at org.apache.openejb.testing.ApplicationComposers.before(ApplicationComposers.java:639)
	at org.apache.openejb.testing.ApplicationComposers.evaluate(ApplicationComposers.java:722)
	at org.apache.openejb.junit.ApplicationComposer$DeployApplication.evaluate(ApplicationComposer.java:64)
	at org.junit.runners.ParentRunner.runLeaf(ParentRunner.java:271)
	at org.junit.runners.BlockJUnit4ClassRunner.runChild(BlockJUnit4ClassRunner.java:70)
	at org.junit.runners.BlockJUnit4ClassRunner.runChild(BlockJUnit4ClassRunner.java:50)
	at org.junit.runners.ParentRunner$3.run(ParentRunner.java:238)
	at org.junit.runners.ParentRunner$1.schedule(ParentRunner.java:63)
	at org.junit.runners.ParentRunner.runChildren(ParentRunner.java:236)
	at org.junit.runners.ParentRunner.access$000(ParentRunner.java:53)
	at org.junit.runners.ParentRunner$2.evaluate(ParentRunner.java:229)
	at org.junit.internal.runners.statements.RunBefores.evaluate(RunBefores.java:26)
	at org.junit.internal.runners.statements.RunAfters.evaluate(RunAfters.java:27)
	at org.junit.runners.ParentRunner.run(ParentRunner.java:309)
	at org.apache.maven.surefire.junit4.JUnit4Provider.execute(JUnit4Provider.java:264)
	at org.apache.maven.surefire.junit4.JUnit4Provider.executeTestSet(JUnit4Provider.java:153)
	at org.apache.maven.surefire.junit4.JUnit4Provider.invoke(JUnit4Provider.java:124)
	at org.apache.maven.surefire.booter.ForkedBooter.invokeProviderInSameClassLoader(ForkedBooter.java:200)
	at org.apache.maven.surefire.booter.ForkedBooter.runSuitesInProcess(ForkedBooter.java:153)
	at org.apache.maven.surefire.booter.ForkedBooter.main(ForkedBooter.java:103)
Caused by: javax.persistence.PersistenceException: Exception [EclipseLink-28018] (Eclipse Persistence Services - 2.5.1.v20130918-f2b9fc5): org.eclipse.persistence.exceptions.EntityManagerSetupException
Exception Description: Predeployment of PersistenceUnit [DEFAULT_PU] failed.
Internal Exception: java.lang.RuntimeException: java.io.FileNotFoundException: /home/helge/NetBeansProjects/TestAppComposerParent/Web-war/jar:file:/home/helge/.m2/repository/org/waastad/Ejb-jar/1.0-SNAPSHOT/Ejb-jar-1.0-SNAPSHOT.jar!/META-INF/persistence.xml (Ingen slik fil eller filkatalog)
	at org.eclipse.persistence.internal.jpa.EntityManagerSetupImpl.createPredeployFailedPersistenceException(EntityManagerSetupImpl.java:1954)
	at org.eclipse.persistence.internal.jpa.EntityManagerSetupImpl.predeploy(EntityManagerSetupImpl.java:1945)
	at org.eclipse.persistence.jpa.PersistenceProvider.createContainerEntityManagerFactory(PersistenceProvider.java:322)
	at org.apache.openejb.assembler.classic.EntityManagerFactoryCallable.call(EntityManagerFactoryCallable.java:55)
	at org.apache.openejb.assembler.classic.ReloadableEntityManagerFactory.createDelegate(ReloadableEntityManagerFactory.java:115)
	at org.apache.openejb.assembler.classic.ReloadableEntityManagerFactory.<init>(ReloadableEntityManagerFactory.java:101)
	at org.apache.openejb.assembler.classic.PersistenceBuilder.createEntityManagerFactory(PersistenceBuilder.java:150)
	at org.apache.openejb.assembler.classic.Assembler.createApplication(Assembler.java:752)
	at org.apache.openejb.assembler.classic.Assembler.createApplication(Assembler.java:612)
	at org.apache.openejb.assembler.classic.Assembler.createApplication(Assembler.java:608)
	at org.apache.openejb.testing.ApplicationComposers.before(ApplicationComposers.java:639)
	at org.apache.openejb.testing.ApplicationComposers.evaluate(ApplicationComposers.java:722)
	at org.apache.openejb.junit.ApplicationComposer$DeployApplication.evaluate(ApplicationComposer.java:64)
	at org.junit.runners.ParentRunner.runLeaf(ParentRunner.java:271)
	at org.junit.runners.BlockJUnit4ClassRunner.runChild(BlockJUnit4ClassRunner.java:70)
	at org.junit.runners.BlockJUnit4ClassRunner.runChild(BlockJUnit4ClassRunner.java:50)
	at org.junit.runners.ParentRunner$3.run(ParentRunner.java:238)
	at org.junit.runners.ParentRunner$1.schedule(ParentRunner.java:63)
	at org.junit.runners.ParentRunner.runChildren(ParentRunner.java:236)
	at org.junit.runners.ParentRunner.access$000(ParentRunner.java:53)
	at org.junit.runners.ParentRunner$2.evaluate(ParentRunner.java:229)
	at org.junit.internal.runners.statements.RunBefores.evaluate(RunBefores.java:26)
	at org.junit.internal.runners.statements.RunAfters.evaluate(RunAfters.java:27)
	at org.junit.runners.ParentRunner.run(ParentRunner.java:309)
	at org.apache.maven.surefire.junit4.JUnit4Provider.execute(JUnit4Provider.java:264)
	at org.apache.maven.surefire.junit4.JUnit4Provider.executeTestSet(JUnit4Provider.java:153)
	at org.apache.maven.surefire.junit4.JUnit4Provider.invoke(JUnit4Provider.java:124)
	at org.apache.maven.surefire.booter.ForkedBooter.invokeProviderInSameClassLoader(ForkedBooter.java:200)
	at org.apache.maven.surefire.booter.ForkedBooter.runSuitesInProcess(ForkedBooter.java:153)
	at org.apache.maven.surefire.booter.ForkedBooter.main(ForkedBooter.java:103)
Caused by: org.eclipse.persistence.exceptions.EntityManagerSetupException: 
Exception Description: Predeployment of PersistenceUnit [DEFAULT_PU] failed.
Internal Exception: java.lang.RuntimeException: java.io.FileNotFoundException: /home/helge/NetBeansProjects/TestAppComposerParent/Web-war/jar:file:/home/helge/.m2/repository/org/waastad/Ejb-jar/1.0-SNAPSHOT/Ejb-jar-1.0-SNAPSHOT.jar!/META-INF/persistence.xml (Ingen slik fil eller filkatalog)
	at org.eclipse.persistence.exceptions.EntityManagerSetupException.predeployFailed(EntityManagerSetupException.java:230)
	at org.eclipse.persistence.internal.jpa.EntityManagerSetupImpl.createPredeployFailedPersistenceException(EntityManagerSetupImpl.java:1954)
	at org.eclipse.persistence.internal.jpa.EntityManagerSetupImpl.predeploy(EntityManagerSetupImpl.java:1945)
	at org.eclipse.persistence.jpa.PersistenceProvider.createContainerEntityManagerFactory(PersistenceProvider.java:322)
	at org.apache.openejb.assembler.classic.EntityManagerFactoryCallable.call(EntityManagerFactoryCallable.java:55)
	at org.apache.openejb.assembler.classic.ReloadableEntityManagerFactory.createDelegate(ReloadableEntityManagerFactory.java:115)
	at org.apache.openejb.assembler.classic.ReloadableEntityManagerFactory.<init>(ReloadableEntityManagerFactory.java:101)
	at org.apache.openejb.assembler.classic.PersistenceBuilder.createEntityManagerFactory(PersistenceBuilder.java:150)
	at org.apache.openejb.assembler.classic.Assembler.createApplication(Assembler.java:752)
	at org.apache.openejb.assembler.classic.Assembler.createApplication(Assembler.java:612)
	at org.apache.openejb.assembler.classic.Assembler.createApplication(Assembler.java:608)
	at org.apache.openejb.testing.ApplicationComposers.before(ApplicationComposers.java:639)
	at org.apache.openejb.testing.ApplicationComposers.evaluate(ApplicationComposers.java:722)
	at org.apache.openejb.junit.ApplicationComposer$DeployApplication.evaluate(ApplicationComposer.java:64)
	at org.junit.runners.ParentRunner.runLeaf(ParentRunner.java:271)
	at org.junit.runners.BlockJUnit4ClassRunner.runChild(BlockJUnit4ClassRunner.java:70)
	at org.junit.runners.BlockJUnit4ClassRunner.runChild(BlockJUnit4ClassRunner.java:50)
	at org.junit.runners.ParentRunner$3.run(ParentRunner.java:238)
	at org.junit.runners.ParentRunner$1.schedule(ParentRunner.java:63)
	at org.junit.runners.ParentRunner.runChildren(ParentRunner.java:236)
	at org.junit.runners.ParentRunner.access$000(ParentRunner.java:53)
	at org.junit.runners.ParentRunner$2.evaluate(ParentRunner.java:229)
	at org.junit.internal.runners.statements.RunBefores.evaluate(RunBefores.java:26)
	at org.junit.internal.runners.statements.RunAfters.evaluate(RunAfters.java:27)
	at org.junit.runners.ParentRunner.run(ParentRunner.java:309)
	at org.apache.maven.surefire.junit4.JUnit4Provider.execute(JUnit4Provider.java:264)
	at org.apache.maven.surefire.junit4.JUnit4Provider.executeTestSet(JUnit4Provider.java:153)
	at org.apache.maven.surefire.junit4.JUnit4Provider.invoke(JUnit4Provider.java:124)
	at org.apache.maven.surefire.booter.ForkedBooter.invokeProviderInSameClassLoader(ForkedBooter.java:200)
	at org.apache.maven.surefire.booter.ForkedBooter.runSuitesInProcess(ForkedBooter.java:153)
	at org.apache.maven.surefire.booter.ForkedBooter.main(ForkedBooter.java:103)
Caused by: java.lang.RuntimeException: java.io.FileNotFoundException: /home/helge/NetBeansProjects/TestAppComposerParent/Web-war/jar:file:/home/helge/.m2/repository/org/waastad/Ejb-jar/1.0-SNAPSHOT/Ejb-jar-1.0-SNAPSHOT.jar!/META-INF/persistence.xml (Ingen slik fil eller filkatalog)
	at org.eclipse.persistence.internal.jpa.metadata.MetadataProcessor.loadStandardMappingFiles(MetadataProcessor.java:475)
	at org.eclipse.persistence.internal.jpa.metadata.MetadataProcessor.loadMappingFiles(MetadataProcessor.java:385)
	at org.eclipse.persistence.internal.jpa.deployment.PersistenceUnitProcessor.processORMetadata(PersistenceUnitProcessor.java:575)
	at org.eclipse.persistence.internal.jpa.EntityManagerSetupImpl.predeploy(EntityManagerSetupImpl.java:1869)
	at org.eclipse.persistence.jpa.PersistenceProvider.createContainerEntityManagerFactory(PersistenceProvider.java:322)
	at org.apache.openejb.assembler.classic.EntityManagerFactoryCallable.call(EntityManagerFactoryCallable.java:55)
	at org.apache.openejb.assembler.classic.ReloadableEntityManagerFactory.createDelegate(ReloadableEntityManagerFactory.java:115)
	at org.apache.openejb.assembler.classic.ReloadableEntityManagerFactory.<init>(ReloadableEntityManagerFactory.java:101)
	at org.apache.openejb.assembler.classic.PersistenceBuilder.createEntityManagerFactory(PersistenceBuilder.java:150)
	at org.apache.openejb.assembler.classic.Assembler.createApplication(Assembler.java:752)
	at org.apache.openejb.assembler.classic.Assembler.createApplication(Assembler.java:612)
	at org.apache.openejb.assembler.classic.Assembler.createApplication(Assembler.java:608)
	at org.apache.openejb.testing.ApplicationComposers.before(ApplicationComposers.java:639)
	at org.apache.openejb.testing.ApplicationComposers.evaluate(ApplicationComposers.java:722)
	at org.apache.openejb.junit.ApplicationComposer$DeployApplication.evaluate(ApplicationComposer.java:64)
	at org.junit.runners.ParentRunner.runLeaf(ParentRunner.java:271)
	at org.junit.runners.BlockJUnit4ClassRunner.runChild(BlockJUnit4ClassRunner.java:70)
	at org.junit.runners.BlockJUnit4ClassRunner.runChild(BlockJUnit4ClassRunner.java:50)
	at org.junit.runners.ParentRunner$3.run(ParentRunner.java:238)
	at org.junit.runners.ParentRunner$1.schedule(ParentRunner.java:63)
	at org.junit.runners.ParentRunner.runChildren(ParentRunner.java:236)
	at org.junit.runners.ParentRunner.access$000(ParentRunner.java:53)
	at org.junit.runners.ParentRunner$2.evaluate(ParentRunner.java:229)
	at org.junit.internal.runners.statements.RunBefores.evaluate(RunBefores.java:26)
	at org.junit.internal.runners.statements.RunAfters.evaluate(RunAfters.java:27)
	at org.junit.runners.ParentRunner.run(ParentRunner.java:309)
	at org.apache.maven.surefire.junit4.JUnit4Provider.execute(JUnit4Provider.java:264)
	at org.apache.maven.surefire.junit4.JUnit4Provider.executeTestSet(JUnit4Provider.java:153)
	at org.apache.maven.surefire.junit4.JUnit4Provider.invoke(JUnit4Provider.java:124)
	at org.apache.maven.surefire.booter.ForkedBooter.invokeProviderInSameClassLoader(ForkedBooter.java:200)
	at org.apache.maven.surefire.booter.ForkedBooter.runSuitesInProcess(ForkedBooter.java:153)
	at org.apache.maven.surefire.booter.ForkedBooter.main(ForkedBooter.java:103)
Caused by: java.io.FileNotFoundException: /home/helge/NetBeansProjects/TestAppComposerParent/Web-war/jar:file:/home/helge/.m2/repository/org/waastad/Ejb-jar/1.0-SNAPSHOT/Ejb-jar-1.0-SNAPSHOT.jar!/META-INF/persistence.xml (Ingen slik fil eller filkatalog)
	at java.util.zip.ZipFile.open(Native Method)
	at java.util.zip.ZipFile.<init>(ZipFile.java:215)
	at java.util.zip.ZipFile.<init>(ZipFile.java:145)
	at java.util.jar.JarFile.<init>(JarFile.java:153)
	at java.util.jar.JarFile.<init>(JarFile.java:117)
	at org.eclipse.persistence.internal.jpa.deployment.ArchiveFactoryImpl.createArchive(ArchiveFactoryImpl.java:93)
	at org.eclipse.persistence.internal.jpa.deployment.ArchiveFactoryImpl.createArchive(ArchiveFactoryImpl.java:58)
	at org.eclipse.persistence.internal.jpa.metadata.MetadataProcessor.loadStandardMappingFiles(MetadataProcessor.java:460)
	at org.eclipse.persistence.internal.jpa.metadata.MetadataProcessor.loadMappingFiles(MetadataProcessor.java:385)
	at org.eclipse.persistence.internal.jpa.deployment.PersistenceUnitProcessor.processORMetadata(PersistenceUnitProcessor.java:575)
	at org.eclipse.persistence.internal.jpa.EntityManagerSetupImpl.predeploy(EntityManagerSetupImpl.java:1869)
	at org.eclipse.persistence.jpa.PersistenceProvider.createContainerEntityManagerFactory(PersistenceProvider.java:322)
	at org.apache.openejb.assembler.classic.EntityManagerFactoryCallable.call(EntityManagerFactoryCallable.java:55)
	at org.apache.openejb.assembler.classic.ReloadableEntityManagerFactory.createDelegate(ReloadableEntityManagerFactory.java:115)
	at org.apache.openejb.assembler.classic.ReloadableEntityManagerFactory.<init>(ReloadableEntityManagerFactory.java:101)
	at org.apache.openejb.assembler.classic.PersistenceBuilder.createEntityManagerFactory(PersistenceBuilder.java:150)
	at org.apache.openejb.assembler.classic.Assembler.createApplication(Assembler.java:752)
	at org.apache.openejb.assembler.classic.Assembler.createApplication(Assembler.java:612)
	at org.apache.openejb.assembler.classic.Assembler.createApplication(Assembler.java:608)
	at org.apache.openejb.testing.ApplicationComposers.before(ApplicationComposers.java:639)
	at org.apache.openejb.testing.ApplicationComposers.evaluate(ApplicationComposers.java:722)
	at org.apache.openejb.junit.ApplicationComposer$DeployApplication.evaluate(ApplicationComposer.java:64)
	at org.junit.runners.ParentRunner.runLeaf(ParentRunner.java:271)
	at org.junit.runners.BlockJUnit4ClassRunner.runChild(BlockJUnit4ClassRunner.java:70)
	at org.junit.runners.BlockJUnit4ClassRunner.runChild(BlockJUnit4ClassRunner.java:50)
	at org.junit.runners.ParentRunner$3.run(ParentRunner.java:238)
	at org.junit.runners.ParentRunner$1.schedule(ParentRunner.java:63)
	at org.junit.runners.ParentRunner.runChildren(ParentRunner.java:236)
	at org.junit.runners.ParentRunner.access$000(ParentRunner.java:53)
	at org.junit.runners.ParentRunner$2.evaluate(ParentRunner.java:229)
	at org.junit.internal.runners.statements.RunBefores.evaluate(RunBefores.java:26)
	at org.junit.internal.runners.statements.RunAfters.evaluate(RunAfters.java:27)
	at org.junit.runners.ParentRunner.run(ParentRunner.java:309)
	at org.apache.maven.surefire.junit4.JUnit4Provider.execute(JUnit4Provider.java:264)
	at org.apache.maven.surefire.junit4.JUnit4Provider.executeTestSet(JUnit4Provider.java:153)
	at org.apache.maven.surefire.junit4.JUnit4Provider.invoke(JUnit4Provider.java:124)
	at org.apache.maven.surefire.booter.ForkedBooter.invokeProviderInSameClassLoader(ForkedBooter.java:200)
	at org.apache.maven.surefire.booter.ForkedBooter.runSuitesInProcess(ForkedBooter.java:153)
	at org.apache.maven.surefire.booter.ForkedBooter.main(ForkedBooter.java:103)

